<?xml version="1.0" encoding="UTF-8"?>
<!-- Generated by org.testng.reporters.JUnitReportReporter -->
<testsuite hostname="Laptop-Rajan" failures="0" tests="1" name="com.automationTest.tests.LoginTest" time="2.273" errors="0" timestamp="2023-02-19T20:27:58 IST" skipped="0">
  <testcase classname="com.automationTest.tests.LoginTest" name="login" time="2.273"/>
  <system-out/>
</testsuite> <!-- com.automationTest.tests.LoginTest -->
